Flow report for motor_controller
Wed Apr 22 00:46:28 2020
Quartus Prime Version 18.1.0 Build 625 09/12/2018 SJ Lite Edition


---------------------
; Table of Contents ;
---------------------
  1. Legal Notice
  2. Flow Summary
  3. Flow Settings
  4. Flow Non-Default Global Settings
  5. Flow Elapsed Time
  6. Flow OS Summary
  7. Flow Log
  8. Flow Messages
  9. Flow Suppressed Messages



----------------
; Legal Notice ;
----------------
Copyright (C) 2018  Intel Corporation. All rights reserved.
Your use of Intel Corporation's design tools, logic functions 
and other software and tools, and its AMPP partner logic 
functions, and any output files from any of the foregoing 
(including device programming or simulation files), and any 
associated documentation or information are expressly subject 
to the terms and conditions of the Intel Program License 
Subscription Agreement, the Intel Quartus Prime License Agreement,
the Intel FPGA IP License Agreement, or other applicable license
agreement, including, without limitation, that your use is for
the sole purpose of programming logic devices manufactured by
Intel and sold by Intel or its authorized distributors.  Please
refer to the applicable agreement for further details.



+----------------------------------------------------------------------------------+
; Flow Summary                                                                     ;
+------------------------------------+---------------------------------------------+
; Flow Status                        ; Successful - Wed Apr 22 00:46:23 2020       ;
; Quartus Prime Version              ; 18.1.0 Build 625 09/12/2018 SJ Lite Edition ;
; Revision Name                      ; motor_controller                            ;
; Top-level Entity Name              ; motor_controller                            ;
; Family                             ; MAX 10                                      ;
; Device                             ; 10M08SAU169C8G                              ;
; Timing Models                      ; Final                                       ;
; Total logic elements               ; 3,186 / 8,064 ( 40 % )                      ;
;     Total combinational functions  ; 2,812 / 8,064 ( 35 % )                      ;
;     Dedicated logic registers      ; 1,845 / 8,064 ( 23 % )                      ;
; Total registers                    ; 1845                                        ;
; Total pins                         ; 3 / 130 ( 2 % )                             ;
; Total virtual pins                 ; 0                                           ;
; Total memory bits                  ; 95,424 / 387,072 ( 25 % )                   ;
; Embedded Multiplier 9-bit elements ; 6 / 48 ( 13 % )                             ;
; Total PLLs                         ; 0 / 1 ( 0 % )                               ;
; UFM blocks                         ; 0 / 1 ( 0 % )                               ;
; ADC blocks                         ; 0 / 1 ( 0 % )                               ;
+------------------------------------+---------------------------------------------+


+-----------------------------------------+
; Flow Settings                           ;
+-------------------+---------------------+
; Option            ; Setting             ;
+-------------------+---------------------+
; Start date & time ; 04/22/2020 00:45:18 ;
; Main task         ; Compilation         ;
; Revision Name     ; motor_controller    ;
+-------------------+---------------------+


+---------------------------------------------------------------------------------------------------------------------------------------------+
; Flow Non-Default Global Settings                                                                                                            ;
+-------------------------------------+------------------------------------------------------------+---------------+-------------+------------+
; Assignment Name                     ; Value                                                      ; Default Value ; Entity Name ; Section Id ;
+-------------------------------------+------------------------------------------------------------+---------------+-------------+------------+
; COMPILER_SIGNATURE_ID               ; 53447175516954.158753431721768                             ; --            ; --          ; --         ;
; FLOW_ENABLE_POWER_ANALYZER          ; On                                                         ; Off           ; --          ; --         ;
; MAX_CORE_JUNCTION_TEMP              ; 85                                                         ; --            ; --          ; --         ;
; MIN_CORE_JUNCTION_TEMP              ; 0                                                          ; --            ; --          ; --         ;
; MISC_FILE                           ; nios_sys/synthesis/../nios_sys.cmp                         ; --            ; --          ; --         ;
; MISC_FILE                           ; nios_sys/synthesis/../../nios_sys.qsys                     ; --            ; --          ; --         ;
; NOMINAL_CORE_SUPPLY_VOLTAGE         ; 3.3V                                                       ; --            ; --          ; --         ;
; OUTPUT_IO_TIMING_FAR_END_VMEAS      ; Half Signal Swing                                          ; --            ; --          ; --         ;
; OUTPUT_IO_TIMING_FAR_END_VMEAS      ; Half Signal Swing                                          ; --            ; --          ; --         ;
; OUTPUT_IO_TIMING_NEAR_END_VMEAS     ; Half Vccio                                                 ; --            ; --          ; --         ;
; OUTPUT_IO_TIMING_NEAR_END_VMEAS     ; Half Vccio                                                 ; --            ; --          ; --         ;
; PARTITION_COLOR                     ; -- (Not supported for targeted family)                     ; --            ; --          ; Top        ;
; PARTITION_FITTER_PRESERVATION_LEVEL ; -- (Not supported for targeted family)                     ; --            ; --          ; Top        ;
; PARTITION_NETLIST_TYPE              ; -- (Not supported for targeted family)                     ; --            ; --          ; Top        ;
; POWER_BOARD_THERMAL_MODEL           ; None (CONSERVATIVE)                                        ; --            ; --          ; --         ;
; POWER_DEFAULT_INPUT_IO_TOGGLE_RATE  ; 12.5 %                                                     ; 12.5%         ; --          ; --         ;
; POWER_PRESET_COOLING_SOLUTION       ; 23 MM HEAT SINK WITH 200 LFPM AIRFLOW                      ; --            ; --          ; --         ;
; PROJECT_OUTPUT_DIRECTORY            ; output_files                                               ; --            ; --          ; --         ;
; SLD_FILE                            ; nios_sys/synthesis/nios_sys.regmap                         ; --            ; --          ; --         ;
; SLD_FILE                            ; nios_sys/synthesis/nios_sys.debuginfo                      ; --            ; --          ; --         ;
; SLD_INFO                            ; QSYS_NAME nios_sys HAS_SOPCINFO 1 GENERATION_ID 1587533446 ; --            ; nios_sys    ; --         ;
; SOPCINFO_FILE                       ; nios_sys/synthesis/../../nios_sys.sopcinfo                 ; --            ; --          ; --         ;
; SYNTHESIS_ONLY_QIP                  ; On                                                         ; --            ; --          ; --         ;
; VCCA_USER_VOLTAGE                   ; 3.3V                                                       ; --            ; --          ; --         ;
+-------------------------------------+------------------------------------------------------------+---------------+-------------+------------+


+--------------------------------------------------------------------------------------------------------------------------+
; Flow Elapsed Time                                                                                                        ;
+----------------------+--------------+-------------------------+---------------------+------------------------------------+
; Module Name          ; Elapsed Time ; Average Processors Used ; Peak Virtual Memory ; Total CPU Time (on all processors) ;
+----------------------+--------------+-------------------------+---------------------+------------------------------------+
; Analysis & Synthesis ; 00:00:44     ; 1.0                     ; 4947 MB             ; 00:00:57                           ;
; Fitter               ; 00:00:11     ; 1.7                     ; 5751 MB             ; 00:00:21                           ;
; Assembler            ; 00:00:01     ; 1.0                     ; 4693 MB             ; 00:00:01                           ;
; Power Analyzer       ; 00:00:03     ; 2.4                     ; 4889 MB             ; 00:00:07                           ;
; Timing Analyzer      ; 00:00:04     ; 2.4                     ; 4852 MB             ; 00:00:07                           ;
; Total                ; 00:01:03     ; --                      ; --                  ; 00:01:33                           ;
+----------------------+--------------+-------------------------+---------------------+------------------------------------+


+------------------------------------------------------------------------------------+
; Flow OS Summary                                                                    ;
+----------------------+------------------+------------+------------+----------------+
; Module Name          ; Machine Hostname ; OS Name    ; OS Version ; Processor type ;
+----------------------+------------------+------------+------------+----------------+
; Analysis & Synthesis ; Campo-PC         ; Windows 10 ; 10.0       ; x86_64         ;
; Fitter               ; Campo-PC         ; Windows 10 ; 10.0       ; x86_64         ;
; Assembler            ; Campo-PC         ; Windows 10 ; 10.0       ; x86_64         ;
; Power Analyzer       ; Campo-PC         ; Windows 10 ; 10.0       ; x86_64         ;
; Timing Analyzer      ; Campo-PC         ; Windows 10 ; 10.0       ; x86_64         ;
+----------------------+------------------+------------+------------+----------------+


------------
; Flow Log ;
------------
quartus_map --read_settings_files=on --write_settings_files=off motor_controller -c motor_controller
quartus_fit --read_settings_files=off --write_settings_files=off motor_controller -c motor_controller
quartus_asm --read_settings_files=off --write_settings_files=off motor_controller -c motor_controller
quartus_pow --read_settings_files=off --write_settings_files=off motor_controller -c motor_controller
quartus_sta motor_controller -c motor_controller



