Flow report for analog_to_digital
Wed Apr 22 15:54:01 2020
Quartus Prime Version 18.1.0 Build 625 09/12/2018 SJ Lite Edition


---------------------
; Table of Contents ;
---------------------
  1. Legal Notice
  2. Flow Summary
  3. Flow Settings
  4. Flow Non-Default Global Settings
  5. Flow Elapsed Time
  6. Flow OS Summary
  7. Flow Log
  8. Flow Messages
  9. Flow Suppressed Messages



----------------
; Legal Notice ;
----------------
Copyright (C) 2018  Intel Corporation. All rights reserved.
Your use of Intel Corporation's design tools, logic functions 
and other software and tools, and its AMPP partner logic 
functions, and any output files from any of the foregoing 
(including device programming or simulation files), and any 
associated documentation or information are expressly subject 
to the terms and conditions of the Intel Program License 
Subscription Agreement, the Intel Quartus Prime License Agreement,
the Intel FPGA IP License Agreement, or other applicable license
agreement, including, without limitation, that your use is for
the sole purpose of programming logic devices manufactured by
Intel and sold by Intel or its authorized distributors.  Please
refer to the applicable agreement for further details.



+----------------------------------------------------------------------------------+
; Flow Summary                                                                     ;
+------------------------------------+---------------------------------------------+
; Flow Status                        ; Successful - Wed Apr 22 15:53:55 2020       ;
; Quartus Prime Version              ; 18.1.0 Build 625 09/12/2018 SJ Lite Edition ;
; Revision Name                      ; analog_to_digital                           ;
; Top-level Entity Name              ; analog_to_digital                           ;
; Family                             ; MAX 10                                      ;
; Device                             ; 10M08SAU169C8G                              ;
; Timing Models                      ; Final                                       ;
; Total logic elements               ; 4,735 / 8,064 ( 59 % )                      ;
;     Total combinational functions  ; 3,681 / 8,064 ( 46 % )                      ;
;     Dedicated logic registers      ; 3,217 / 8,064 ( 40 % )                      ;
; Total registers                    ; 3217                                        ;
; Total pins                         ; 2 / 130 ( 2 % )                             ;
; Total virtual pins                 ; 0                                           ;
; Total memory bits                  ; 271,200 / 387,072 ( 70 % )                  ;
; Embedded Multiplier 9-bit elements ; 0 / 48 ( 0 % )                              ;
; Total PLLs                         ; 1 / 1 ( 100 % )                             ;
; UFM blocks                         ; 0 / 1 ( 0 % )                               ;
; ADC blocks                         ; 1 / 1 ( 100 % )                             ;
+------------------------------------+---------------------------------------------+


+-----------------------------------------+
; Flow Settings                           ;
+-------------------+---------------------+
; Option            ; Setting             ;
+-------------------+---------------------+
; Start date & time ; 04/22/2020 15:51:47 ;
; Main task         ; Compilation         ;
; Revision Name     ; analog_to_digital   ;
+-------------------+---------------------+


+---------------------------------------------------------------------------------------------------------------------------------------------+
; Flow Non-Default Global Settings                                                                                                            ;
+-------------------------------------+------------------------------------------------------------+---------------+-------------+------------+
; Assignment Name                     ; Value                                                      ; Default Value ; Entity Name ; Section Id ;
+-------------------------------------+------------------------------------------------------------+---------------+-------------+------------+
; COMPILER_SIGNATURE_ID               ; 53447175516954.158758870718904                             ; --            ; --          ; --         ;
; FLOW_ENABLE_POWER_ANALYZER          ; On                                                         ; Off           ; --          ; --         ;
; MAX_CORE_JUNCTION_TEMP              ; 85                                                         ; --            ; --          ; --         ;
; MIN_CORE_JUNCTION_TEMP              ; 0                                                          ; --            ; --          ; --         ;
; MISC_FILE                           ; adc_core/synthesis/../adc_core.cmp                         ; --            ; --          ; --         ;
; MISC_FILE                           ; adc_core/synthesis/../../adc_core.qsys                     ; --            ; --          ; --         ;
; NOMINAL_CORE_SUPPLY_VOLTAGE         ; 3.3V                                                       ; --            ; --          ; --         ;
; OUTPUT_IO_TIMING_FAR_END_VMEAS      ; Half Signal Swing                                          ; --            ; --          ; --         ;
; OUTPUT_IO_TIMING_FAR_END_VMEAS      ; Half Signal Swing                                          ; --            ; --          ; --         ;
; OUTPUT_IO_TIMING_NEAR_END_VMEAS     ; Half Vccio                                                 ; --            ; --          ; --         ;
; OUTPUT_IO_TIMING_NEAR_END_VMEAS     ; Half Vccio                                                 ; --            ; --          ; --         ;
; PARTITION_COLOR                     ; -- (Not supported for targeted family)                     ; --            ; --          ; Top        ;
; PARTITION_FITTER_PRESERVATION_LEVEL ; -- (Not supported for targeted family)                     ; --            ; --          ; Top        ;
; PARTITION_NETLIST_TYPE              ; -- (Not supported for targeted family)                     ; --            ; --          ; Top        ;
; POWER_BOARD_THERMAL_MODEL           ; None (CONSERVATIVE)                                        ; --            ; --          ; --         ;
; POWER_DEFAULT_INPUT_IO_TOGGLE_RATE  ; 12.5 %                                                     ; 12.5%         ; --          ; --         ;
; POWER_PRESET_COOLING_SOLUTION       ; 23 MM HEAT SINK WITH 200 LFPM AIRFLOW                      ; --            ; --          ; --         ;
; PROJECT_OUTPUT_DIRECTORY            ; output_files                                               ; --            ; --          ; --         ;
; SLD_FILE                            ; adc_core/synthesis/adc_core.debuginfo                      ; --            ; --          ; --         ;
; SLD_INFO                            ; QSYS_NAME adc_core HAS_SOPCINFO 1 GENERATION_ID 1587588045 ; --            ; adc_core    ; --         ;
; SOPCINFO_FILE                       ; adc_core/synthesis/../../adc_core.sopcinfo                 ; --            ; --          ; --         ;
; SYNTHESIS_ONLY_QIP                  ; On                                                         ; --            ; --          ; --         ;
; VCCA_USER_VOLTAGE                   ; 3.3V                                                       ; --            ; --          ; --         ;
+-------------------------------------+------------------------------------------------------------+---------------+-------------+------------+


+--------------------------------------------------------------------------------------------------------------------------+
; Flow Elapsed Time                                                                                                        ;
+----------------------+--------------+-------------------------+---------------------+------------------------------------+
; Module Name          ; Elapsed Time ; Average Processors Used ; Peak Virtual Memory ; Total CPU Time (on all processors) ;
+----------------------+--------------+-------------------------+---------------------+------------------------------------+
; Analysis & Synthesis ; 00:01:58     ; 1.0                     ; 4923 MB             ; 00:01:48                           ;
; Fitter               ; 00:00:13     ; 1.6                     ; 5764 MB             ; 00:00:23                           ;
; Assembler            ; 00:00:02     ; 1.0                     ; 4702 MB             ; 00:00:01                           ;
; Power Analyzer       ; 00:00:03     ; 2.1                     ; 4900 MB             ; 00:00:07                           ;
; Timing Analyzer      ; 00:00:05     ; 2.2                     ; 4876 MB             ; 00:00:08                           ;
; Total                ; 00:02:21     ; --                      ; --                  ; 00:02:27                           ;
+----------------------+--------------+-------------------------+---------------------+------------------------------------+


+------------------------------------------------------------------------------------+
; Flow OS Summary                                                                    ;
+----------------------+------------------+------------+------------+----------------+
; Module Name          ; Machine Hostname ; OS Name    ; OS Version ; Processor type ;
+----------------------+------------------+------------+------------+----------------+
; Analysis & Synthesis ; Campo-PC         ; Windows 10 ; 10.0       ; x86_64         ;
; Fitter               ; Campo-PC         ; Windows 10 ; 10.0       ; x86_64         ;
; Assembler            ; Campo-PC         ; Windows 10 ; 10.0       ; x86_64         ;
; Power Analyzer       ; Campo-PC         ; Windows 10 ; 10.0       ; x86_64         ;
; Timing Analyzer      ; Campo-PC         ; Windows 10 ; 10.0       ; x86_64         ;
+----------------------+------------------+------------+------------+----------------+


------------
; Flow Log ;
------------
quartus_map --read_settings_files=on --write_settings_files=off analog_to_digital -c analog_to_digital
quartus_fit --read_settings_files=off --write_settings_files=off analog_to_digital -c analog_to_digital
quartus_asm --read_settings_files=off --write_settings_files=off analog_to_digital -c analog_to_digital
quartus_pow --read_settings_files=off --write_settings_files=off analog_to_digital -c analog_to_digital
quartus_sta analog_to_digital -c analog_to_digital



