Info: Starting: Create block symbol file (.bsf)
Info: qsys-generate C:\Users\Campo\Max1000-FPGA-Senior-Design-Verilog-Code\microprocessors\seven_segment_keypad\nios_sys.qsys --block-symbol-file --output-directory=C:\Users\Campo\Max1000-FPGA-Senior-Design-Verilog-Code\microprocessors\seven_segment_keypad\nios_sys --family="MAX 10" --part=10M08SAU169C8G
Progress: Loading seven_segment_keypad/nios_sys.qsys
Progress: Reading input file
Progress: Adding clk_0 [clock_source 18.1]
Progress: Parameterizing module clk_0
Progress: Adding jtag [altera_avalon_jtag_uart 18.1]
Progress: Parameterizing module jtag
Progress: Adding nios2 [altera_nios2_gen2 18.1]
Progress: Parameterizing module nios2
Progress: Adding onchip_memory [altera_avalon_onchip_memory2 18.1]
Progress: Parameterizing module onchip_memory
Progress: Adding pio_keypad [altera_avalon_pio 18.1]
Progress: Parameterizing module pio_keypad
Progress: Adding pio_seven_segment [altera_avalon_pio 18.1]
Progress: Parameterizing module pio_seven_segment
Progress: Adding sysid [altera_avalon_sysid_qsys 18.1]
Progress: Parameterizing module sysid
Progress: Building connections
Progress: Parameterizing connections
Progress: Validating
Progress: Done reading input file
Info: nios_sys.jtag: JTAG UART IP input clock need to be at least double (2x) the operating frequency of JTAG TCK on board
Info: nios_sys.pio_keypad: PIO inputs are not hardwired in test bench. Undefined values will be read from PIO inputs during simulation.
Info: nios_sys.sysid: System ID is not assigned automatically. Edit the System ID parameter to provide a unique ID
Info: nios_sys.sysid: Time stamp will be automatically updated when this component is generated.
Info: qsys-generate succeeded.
Info: Finished: Create block symbol file (.bsf)
Info: 
Info: Starting: Create HDL design files for synthesis
Info: qsys-generate C:\Users\Campo\Max1000-FPGA-Senior-Design-Verilog-Code\microprocessors\seven_segment_keypad\nios_sys.qsys --synthesis=VERILOG --output-directory=C:\Users\Campo\Max1000-FPGA-Senior-Design-Verilog-Code\microprocessors\seven_segment_keypad\nios_sys\synthesis --family="MAX 10" --part=10M08SAU169C8G
Progress: Loading seven_segment_keypad/nios_sys.qsys
Progress: Reading input file
Progress: Adding clk_0 [clock_source 18.1]
Progress: Parameterizing module clk_0
Progress: Adding jtag [altera_avalon_jtag_uart 18.1]
Progress: Parameterizing module jtag
Progress: Adding nios2 [altera_nios2_gen2 18.1]
Progress: Parameterizing module nios2
Progress: Adding onchip_memory [altera_avalon_onchip_memory2 18.1]
Progress: Parameterizing module onchip_memory
Progress: Adding pio_keypad [altera_avalon_pio 18.1]
Progress: Parameterizing module pio_keypad
Progress: Adding pio_seven_segment [altera_avalon_pio 18.1]
Progress: Parameterizing module pio_seven_segment
Progress: Adding sysid [altera_avalon_sysid_qsys 18.1]
Progress: Parameterizing module sysid
Progress: Building connections
Progress: Parameterizing connections
Progress: Validating
Progress: Done reading input file
Info: nios_sys.jtag: JTAG UART IP input clock need to be at least double (2x) the operating frequency of JTAG TCK on board
Info: nios_sys.pio_keypad: PIO inputs are not hardwired in test bench. Undefined values will be read from PIO inputs during simulation.
Info: nios_sys.sysid: System ID is not assigned automatically. Edit the System ID parameter to provide a unique ID
Info: nios_sys.sysid: Time stamp will be automatically updated when this component is generated.
Info: nios_sys: Generating nios_sys "nios_sys" for QUARTUS_SYNTH
Info: jtag: Starting RTL generation for module 'nios_sys_jtag'
Info: jtag:   Generation command is [exec Y:/intelfpga_lite/18.1/quartus/bin64/perl/bin/perl.exe -I Y:/intelfpga_lite/18.1/quartus/bin64/perl/lib -I Y:/intelfpga_lite/18.1/quartus/sopc_builder/bin/europa -I Y:/intelfpga_lite/18.1/quartus/sopc_builder/bin/perl_lib -I Y:/intelfpga_lite/18.1/quartus/sopc_builder/bin -I Y:/intelfpga_lite/18.1/quartus/../ip/altera/sopc_builder_ip/common -I Y:/intelfpga_lite/18.1/quartus/../ip/altera/sopc_builder_ip/altera_avalon_jtag_uart -- Y:/intelfpga_lite/18.1/quartus/../ip/altera/sopc_builder_ip/altera_avalon_jtag_uart/generate_rtl.pl --name=nios_sys_jtag --dir=C:/Users/Campo/AppData/Local/Temp/alt8354_4214987716035089915.dir/0002_jtag_gen/ --quartus_dir=Y:/intelfpga_lite/18.1/quartus --verilog --config=C:/Users/Campo/AppData/Local/Temp/alt8354_4214987716035089915.dir/0002_jtag_gen//nios_sys_jtag_component_configuration.pl  --do_build_sim=0  ]
Info: jtag: Done RTL generation for module 'nios_sys_jtag'
Info: jtag: "nios_sys" instantiated altera_avalon_jtag_uart "jtag"
Info: nios2: "nios_sys" instantiated altera_nios2_gen2 "nios2"
Info: onchip_memory: Starting RTL generation for module 'nios_sys_onchip_memory'
Info: onchip_memory:   Generation command is [exec Y:/intelfpga_lite/18.1/quartus/bin64/perl/bin/perl.exe -I Y:/intelfpga_lite/18.1/quartus/bin64/perl/lib -I Y:/intelfpga_lite/18.1/quartus/sopc_builder/bin/europa -I Y:/intelfpga_lite/18.1/quartus/sopc_builder/bin/perl_lib -I Y:/intelfpga_lite/18.1/quartus/sopc_builder/bin -I Y:/intelfpga_lite/18.1/quartus/../ip/altera/sopc_builder_ip/common -I Y:/intelfpga_lite/18.1/quartus/../ip/altera/sopc_builder_ip/altera_avalon_onchip_memory2 -- Y:/intelfpga_lite/18.1/quartus/../ip/altera/sopc_builder_ip/altera_avalon_onchip_memory2/generate_rtl.pl --name=nios_sys_onchip_memory --dir=C:/Users/Campo/AppData/Local/Temp/alt8354_4214987716035089915.dir/0003_onchip_memory_gen/ --quartus_dir=Y:/intelfpga_lite/18.1/quartus --verilog --config=C:/Users/Campo/AppData/Local/Temp/alt8354_4214987716035089915.dir/0003_onchip_memory_gen//nios_sys_onchip_memory_component_configuration.pl  --do_build_sim=0  ]
Info: onchip_memory: Done RTL generation for module 'nios_sys_onchip_memory'
Info: onchip_memory: "nios_sys" instantiated altera_avalon_onchip_memory2 "onchip_memory"
Info: pio_keypad: Starting RTL generation for module 'nios_sys_pio_keypad'
Info: pio_keypad:   Generation command is [exec Y:/intelfpga_lite/18.1/quartus/bin64/perl/bin/perl.exe -I Y:/intelfpga_lite/18.1/quartus/bin64/perl/lib -I Y:/intelfpga_lite/18.1/quartus/sopc_builder/bin/europa -I Y:/intelfpga_lite/18.1/quartus/sopc_builder/bin/perl_lib -I Y:/intelfpga_lite/18.1/quartus/sopc_builder/bin -I Y:/intelfpga_lite/18.1/quartus/../ip/altera/sopc_builder_ip/common -I Y:/intelfpga_lite/18.1/quartus/../ip/altera/sopc_builder_ip/altera_avalon_pio -- Y:/intelfpga_lite/18.1/quartus/../ip/altera/sopc_builder_ip/altera_avalon_pio/generate_rtl.pl --name=nios_sys_pio_keypad --dir=C:/Users/Campo/AppData/Local/Temp/alt8354_4214987716035089915.dir/0004_pio_keypad_gen/ --quartus_dir=Y:/intelfpga_lite/18.1/quartus --verilog --config=C:/Users/Campo/AppData/Local/Temp/alt8354_4214987716035089915.dir/0004_pio_keypad_gen//nios_sys_pio_keypad_component_configuration.pl  --do_build_sim=0  ]
Info: pio_keypad: Done RTL generation for module 'nios_sys_pio_keypad'
Info: pio_keypad: "nios_sys" instantiated altera_avalon_pio "pio_keypad"
Info: pio_seven_segment: Starting RTL generation for module 'nios_sys_pio_seven_segment'
Info: pio_seven_segment:   Generation command is [exec Y:/intelfpga_lite/18.1/quartus/bin64/perl/bin/perl.exe -I Y:/intelfpga_lite/18.1/quartus/bin64/perl/lib -I Y:/intelfpga_lite/18.1/quartus/sopc_builder/bin/europa -I Y:/intelfpga_lite/18.1/quartus/sopc_builder/bin/perl_lib -I Y:/intelfpga_lite/18.1/quartus/sopc_builder/bin -I Y:/intelfpga_lite/18.1/quartus/../ip/altera/sopc_builder_ip/common -I Y:/intelfpga_lite/18.1/quartus/../ip/altera/sopc_builder_ip/altera_avalon_pio -- Y:/intelfpga_lite/18.1/quartus/../ip/altera/sopc_builder_ip/altera_avalon_pio/generate_rtl.pl --name=nios_sys_pio_seven_segment --dir=C:/Users/Campo/AppData/Local/Temp/alt8354_4214987716035089915.dir/0005_pio_seven_segment_gen/ --quartus_dir=Y:/intelfpga_lite/18.1/quartus --verilog --config=C:/Users/Campo/AppData/Local/Temp/alt8354_4214987716035089915.dir/0005_pio_seven_segment_gen//nios_sys_pio_seven_segment_component_configuration.pl  --do_build_sim=0  ]
Info: pio_seven_segment: Done RTL generation for module 'nios_sys_pio_seven_segment'
Info: pio_seven_segment: "nios_sys" instantiated altera_avalon_pio "pio_seven_segment"
Info: sysid: "nios_sys" instantiated altera_avalon_sysid_qsys "sysid"
Info: avalon_st_adapter: Inserting error_adapter: error_adapter_0
Info: avalon_st_adapter_001: Inserting error_adapter: error_adapter_0
Info: avalon_st_adapter_002: Inserting error_adapter: error_adapter_0
Info: avalon_st_adapter_003: Inserting error_adapter: error_adapter_0
Info: avalon_st_adapter_004: Inserting error_adapter: error_adapter_0
Info: avalon_st_adapter_005: Inserting error_adapter: error_adapter_0
Info: mm_interconnect_0: "nios_sys" instantiated altera_mm_interconnect "mm_interconnect_0"
Info: irq_mapper: "nios_sys" instantiated altera_irq_mapper "irq_mapper"
Info: rst_controller: "nios_sys" instantiated altera_reset_controller "rst_controller"
Info: cpu: Starting RTL generation for module 'nios_sys_nios2_cpu'
Info: cpu:   Generation command is [exec Y:/intelFPGA_lite/18.1/quartus/bin64//eperlcmd.exe -I Y:/intelFPGA_lite/18.1/quartus/bin64//perl/lib -I Y:/intelfpga_lite/18.1/quartus/sopc_builder/bin/europa -I Y:/intelfpga_lite/18.1/quartus/sopc_builder/bin/perl_lib -I Y:/intelfpga_lite/18.1/quartus/sopc_builder/bin -I Y:/intelfpga_lite/18.1/quartus/../ip/altera/nios2_ip/altera_nios2_gen2/cpu_lib -I Y:/intelfpga_lite/18.1/quartus/../ip/altera/nios2_ip/altera_nios2_gen2/nios_lib -I Y:/intelfpga_lite/18.1/quartus/../ip/altera/nios2_ip/altera_nios2_gen2 -I Y:/intelfpga_lite/18.1/quartus/../ip/altera/nios2_ip/altera_nios2_gen2 -- Y:/intelfpga_lite/18.1/quartus/../ip/altera/nios2_ip/altera_nios2_gen2/generate_rtl.epl --name=nios_sys_nios2_cpu --dir=C:/Users/Campo/AppData/Local/Temp/alt8354_4214987716035089915.dir/0009_cpu_gen/ --quartus_bindir=Y:/intelFPGA_lite/18.1/quartus/bin64/ --verilog --config=C:/Users/Campo/AppData/Local/Temp/alt8354_4214987716035089915.dir/0009_cpu_gen//nios_sys_nios2_cpu_processor_configuration.pl  --do_build_sim=0  ]
Info: cpu: # 2020.04.02 17:14:52 (*) Starting Nios II generation
Info: cpu: # 2020.04.02 17:14:52 (*)   Checking for plaintext license.
Info: cpu: # 2020.04.02 17:14:52 (*)   Couldn't query license setup in Quartus directory Y:/intelFPGA_lite/18.1/quartus/bin64/
Info: cpu: # 2020.04.02 17:14:52 (*)   Defaulting to contents of LM_LICENSE_FILE environment variable
Info: cpu: # 2020.04.02 17:14:52 (*)   LM_LICENSE_FILE environment variable is empty
Info: cpu: # 2020.04.02 17:14:52 (*)   Plaintext license not found.
Info: cpu: # 2020.04.02 17:14:52 (*)   Checking for encrypted license (non-evaluation).
Info: cpu: # 2020.04.02 17:14:52 (*)   Couldn't query license setup in Quartus directory Y:/intelFPGA_lite/18.1/quartus/bin64/
Info: cpu: # 2020.04.02 17:14:52 (*)   Defaulting to contents of LM_LICENSE_FILE environment variable
Info: cpu: # 2020.04.02 17:14:52 (*)   LM_LICENSE_FILE environment variable is empty
Info: cpu: # 2020.04.02 17:14:52 (*)   Encrypted license not found.  Defaulting to OCP evaluation license (produces a time-limited SOF)
Info: cpu: # 2020.04.02 17:14:52 (*)   Elaborating CPU configuration settings
Info: cpu: # 2020.04.02 17:14:52 (*)   Creating all objects for CPU
Info: cpu: # 2020.04.02 17:14:52 (*)     Testbench
Info: cpu: # 2020.04.02 17:14:52 (*)     Instruction decoding
Info: cpu: # 2020.04.02 17:14:52 (*)       Instruction fields
Info: cpu: # 2020.04.02 17:14:53 (*)       Instruction decodes
Info: cpu: # 2020.04.02 17:14:53 (*)       Signals for RTL simulation waveforms
Info: cpu: # 2020.04.02 17:14:53 (*)       Instruction controls
Info: cpu: # 2020.04.02 17:14:53 (*)     Pipeline frontend
Info: cpu: # 2020.04.02 17:14:53 (*)     Pipeline backend
Info: cpu: # 2020.04.02 17:14:55 (*)   Generating RTL from CPU objects
Info: cpu: # 2020.04.02 17:14:56 (*)   Creating encrypted RTL
Info: cpu: # 2020.04.02 17:14:57 (*) Done Nios II generation
Info: cpu: Done RTL generation for module 'nios_sys_nios2_cpu'
Info: cpu: "nios2" instantiated altera_nios2_gen2_unit "cpu"
Info: nios2_data_master_translator: "mm_interconnect_0" instantiated altera_merlin_master_translator "nios2_data_master_translator"
Info: jtag_avalon_jtag_slave_translator: "mm_interconnect_0" instantiated altera_merlin_slave_translator "jtag_avalon_jtag_slave_translator"
Info: nios2_data_master_agent: "mm_interconnect_0" instantiated altera_merlin_master_agent "nios2_data_master_agent"
Info: jtag_avalon_jtag_slave_agent: "mm_interconnect_0" instantiated altera_merlin_slave_agent "jtag_avalon_jtag_slave_agent"
Info: jtag_avalon_jtag_slave_agent_rsp_fifo: "mm_interconnect_0" instantiated altera_avalon_sc_fifo "jtag_avalon_jtag_slave_agent_rsp_fifo"
Info: router: "mm_interconnect_0" instantiated altera_merlin_router "router"
Info: router_001: "mm_interconnect_0" instantiated altera_merlin_router "router_001"
Info: router_002: "mm_interconnect_0" instantiated altera_merlin_router "router_002"
Info: router_004: "mm_interconnect_0" instantiated altera_merlin_router "router_004"
Info: nios2_data_master_limiter: "mm_interconnect_0" instantiated altera_merlin_traffic_limiter "nios2_data_master_limiter"
Info: Reusing file C:/Users/Campo/Max1000-FPGA-Senior-Design-Verilog-Code/microprocessors/seven_segment_keypad/nios_sys/synthesis/submodules/altera_avalon_sc_fifo.v
Info: cmd_demux: "mm_interconnect_0" instantiated altera_merlin_demultiplexer "cmd_demux"
Info: cmd_demux_001: "mm_interconnect_0" instantiated altera_merlin_demultiplexer "cmd_demux_001"
Info: cmd_mux: "mm_interconnect_0" instantiated altera_merlin_multiplexer "cmd_mux"
Info: cmd_mux_002: "mm_interconnect_0" instantiated altera_merlin_multiplexer "cmd_mux_002"
Info: Reusing file C:/Users/Campo/Max1000-FPGA-Senior-Design-Verilog-Code/microprocessors/seven_segment_keypad/nios_sys/synthesis/submodules/altera_merlin_arbitrator.sv
Info: rsp_demux: "mm_interconnect_0" instantiated altera_merlin_demultiplexer "rsp_demux"
Info: rsp_demux_002: "mm_interconnect_0" instantiated altera_merlin_demultiplexer "rsp_demux_002"
Info: rsp_mux: "mm_interconnect_0" instantiated altera_merlin_multiplexer "rsp_mux"
Info: Reusing file C:/Users/Campo/Max1000-FPGA-Senior-Design-Verilog-Code/microprocessors/seven_segment_keypad/nios_sys/synthesis/submodules/altera_merlin_arbitrator.sv
Info: rsp_mux_001: "mm_interconnect_0" instantiated altera_merlin_multiplexer "rsp_mux_001"
Info: Reusing file C:/Users/Campo/Max1000-FPGA-Senior-Design-Verilog-Code/microprocessors/seven_segment_keypad/nios_sys/synthesis/submodules/altera_merlin_arbitrator.sv
Info: avalon_st_adapter: "mm_interconnect_0" instantiated altera_avalon_st_adapter "avalon_st_adapter"
Info: error_adapter_0: "avalon_st_adapter" instantiated error_adapter "error_adapter_0"
Info: nios_sys: Done "nios_sys" with 31 modules, 51 files
Info: qsys-generate succeeded.
Info: Finished: Create HDL design files for synthesis
